2023/11/22 11:43:35 Connected to the server at port 5000
2023/11/22 11:43:51 Connected to the server at port 5000
2023/11/22 11:54:35 Connected to the server at port 5000
2023/11/22 11:54:38 Connected to the server at port 5000
2023/11/22 12:06:12 Connected to the server at port 5003
2023/11/22 12:06:19 Connected to the server at port 5003
2023/11/22 12:14:09 Connected to the server at port 5003
2023/11/22 12:14:11 hi
2023/11/22 12:14:11 Input needs to be a bid or a request for a result
2023/11/22 12:14:25 500
2023/11/22 12:15:33 Connected to the server at port 5003
2023/11/22 12:15:36 resultsss
2023/11/22 12:15:36 Input needs to be a bid or a request for a result
2023/11/22 12:19:10 Connected to the server at port 5003
2023/11/22 12:19:12 hej
2023/11/22 12:19:12 Input needs to be a bid or a request for a result
2023/11/22 12:19:14 20
2023/11/22 12:21:55 Connected to the server at port 5003
2023/11/22 12:21:57 hej
2023/11/22 12:21:57 Input needs to be a bid or a request for a result
2023/11/22 12:21:59 5
2023/11/22 12:23:55 Connected to the server at port 5003
2023/11/22 12:23:57 hi
2023/11/22 12:23:57 Input needs to be a bid or a request for a result
2023/11/22 12:24:00 5
2023/11/22 12:24:45 Connected to the server at port 5003
2023/11/22 12:24:48 2
2023/11/22 12:24:59 Connected to the server at port 5003
2023/11/22 12:25:01 result
2023/11/22 12:27:45 Connected to the server at port 5003
2023/11/22 12:27:46 5
2023/11/22 12:32:05 Connected to the server at port 5003
2023/11/22 12:32:08 500
2023/11/22 12:32:08 bid has been called
2023/11/22 12:40:29 Connected to the server at port 5003
2023/11/22 12:40:34 700
2023/11/22 12:40:34 bid has been called
2023/11/22 12:41:22 Connected to the server at port 5003
2023/11/22 12:41:23 500
2023/11/22 12:41:23 bid has been called
2023/11/22 12:41:23 rpc error: code = Unavailable desc = error reading from server: EOF
2023/11/22 12:43:13 Connected to the server at port 5003
2023/11/22 12:43:19 result
2023/11/22 12:43:19 result has been called
2023/11/22 12:43:19 The auction is still running and the highest bid is 0
2023/11/22 12:43:23 6
2023/11/22 12:43:23 bid has been called
2023/11/22 12:43:23 rpc error: code = Unavailable desc = error reading from server: read tcp [::1]:57185->[::1]:5003: read: connection reset by peer
2023/11/22 12:45:55 Connected to the server at port 5003
2023/11/22 12:45:56 5
2023/11/22 12:45:56 bid has been called
2023/11/22 12:45:56 bid has been called
2023/11/22 12:45:56 Your bid on 5 has been accepted!
2023/11/22 12:45:59 result
2023/11/22 12:45:59 result has been called
2023/11/22 12:45:59 The auction is still running and the highest bid is 5
2023/11/22 12:46:02 10
2023/11/22 12:46:02 bid has been called
2023/11/22 12:46:02 bid has been called
2023/11/22 12:46:02 Your bid on 10 has been accepted!
2023/11/22 12:46:04 result
2023/11/22 12:46:04 result has been called
2023/11/22 12:46:04 The auction is still running and the highest bid is 10
2023/11/22 12:46:11 Connected to the server at port 5003
2023/11/22 12:46:13 result
2023/11/22 12:46:13 result has been called
2023/11/22 12:46:13 The auction is still running and the highest bid is 10
2023/11/22 12:46:16 500
2023/11/22 12:46:16 bid has been called
2023/11/22 12:46:16 bid has been called
2023/11/22 12:46:16 Your bid on 500 has been accepted!
2023/11/22 12:46:18 result
2023/11/22 12:46:18 result has been called
2023/11/22 12:46:18 The auction is still running and the highest bid is 500
2023/11/22 12:46:50 result
2023/11/22 12:46:50 result has been called
2023/11/22 12:46:50 The auction is over and client 2 won with the highest bid 500
