2023/11/22 11:42:20 could not create the node listen tcp :5000: bind: address already in use
2023/11/22 11:42:35 started node at port: 5001 
2023/11/22 11:42:49 started node at port: 5002 
2023/11/22 11:43:35 Auction is over!
2023/11/22 11:43:49 Auction is over!
2023/11/22 11:54:01 could not create the node listen tcp :5000: bind: address already in use
2023/11/22 11:54:21 started node at port: 5003 
2023/11/22 11:54:26 started node at port: 5001 
2023/11/22 11:54:30 started node at port: 5002 
2023/11/22 11:55:48 started node at port: 5003 
2023/11/22 11:55:53 started node at port: 5001 
2023/11/22 12:04:05 could not create the node listen tcp :5000: bind: address already in use
2023/11/22 12:05:20 started node at port: 5003 
2023/11/22 12:05:30 started node at port: 5001 
2023/11/22 12:05:42 started node at port: 5002 
2023/11/22 12:05:48 start
2023/11/22 12:05:48 Connected to the server at port 5001
2023/11/22 12:05:48 Connected to the server at port 5002
2023/11/22 12:05:51 start
2023/11/22 12:05:51 Connected to the server at port 5003
2023/11/22 12:05:51 Connected to the server at port 5002
2023/11/22 12:05:54 start
2023/11/22 12:05:54 Connected to the server at port 5003
2023/11/22 12:05:54 Connected to the server at port 5001
2023/11/22 12:06:20 Auction is over!
2023/11/22 12:06:30 Auction is over!
2023/11/22 12:06:42 Auction is over!
2023/11/22 12:18:36 started node at port: 5003 
2023/11/22 12:18:56 started node at port: 5001 
2023/11/22 12:18:58 started node at port: 5002 
2023/11/22 12:19:00 start
2023/11/22 12:19:00 Connected to the server at port 5001
2023/11/22 12:19:00 Connected to the server at port 5002
2023/11/22 12:19:02 start
2023/11/22 12:19:02 Connected to the server at port 5003
2023/11/22 12:19:02 Connected to the server at port 5002
2023/11/22 12:19:05 start
2023/11/22 12:19:05 Connected to the server at port 5003
2023/11/22 12:19:05 Connected to the server at port 5001
2023/11/22 12:20:59 started node at port: 5003 
2023/11/22 12:21:05 started node at port: 5001 
2023/11/22 12:21:08 started node at port: 5002 
2023/11/22 12:21:11 start
2023/11/22 12:21:11 Connected to the server at port 5001
2023/11/22 12:21:11 Connected to the server at port 5002
2023/11/22 12:21:14 start
2023/11/22 12:21:14 Connected to the server at port 5003
2023/11/22 12:21:14 Connected to the server at port 5002
2023/11/22 12:21:17 start
2023/11/22 12:21:17 Connected to the server at port 5003
2023/11/22 12:21:17 Connected to the server at port 5001
2023/11/22 12:21:42 start
2023/11/22 12:21:42 Connected to the server at port 5001
2023/11/22 12:21:42 Connected to the server at port 5002
2023/11/22 12:21:46 start
2023/11/22 12:21:46 Connected to the server at port 5003
2023/11/22 12:21:46 Connected to the server at port 5002
2023/11/22 12:21:59 Auction is over!
2023/11/22 12:22:05 Auction is over!
2023/11/22 12:22:08 Auction is over!
2023/11/22 12:23:48 started node at port: 5003 
2023/11/22 12:24:48 Auction is over!
2023/11/22 12:27:42 started node at port: 5003 
2023/11/22 12:32:02 started node at port: 5003 
2023/11/22 12:40:27 started node at port: 5003 
2023/11/22 12:41:23 Big on 500 from client 1
2023/11/22 12:42:55 started node at port: 5003 
2023/11/22 12:42:58 started node at port: 5001 
2023/11/22 12:43:00 started node at port: 5002 
2023/11/22 12:43:02 start
2023/11/22 12:43:02 Connected to the server at port 5001
2023/11/22 12:43:02 Connected to the server at port 5002
2023/11/22 12:43:05 start
2023/11/22 12:43:05 Connected to the server at port 5003
2023/11/22 12:43:05 Connected to the server at port 5002
2023/11/22 12:43:08 start
2023/11/22 12:43:08 Connected to the server at port 5003
2023/11/22 12:43:08 Connected to the server at port 5001
2023/11/22 12:43:23 Bid of 6 from client 1
2023/11/22 12:43:58 Auction is over!
2023/11/22 12:44:00 Auction is over!
2023/11/22 12:45:40 started node at port: 5003 
2023/11/22 12:45:42 started node at port: 5001 
2023/11/22 12:45:44 started node at port: 5002 
2023/11/22 12:45:47 start
2023/11/22 12:45:47 Connected to the server at port 5001
2023/11/22 12:45:47 Connected to the server at port 5002
2023/11/22 12:45:50 start
2023/11/22 12:45:50 Connected to the server at port 5003
2023/11/22 12:45:50 Connected to the server at port 5002
2023/11/22 12:45:52 start
2023/11/22 12:45:52 Connected to the server at port 5003
2023/11/22 12:45:52 Connected to the server at port 5001
2023/11/22 12:45:56 Bid of 5 from client 1
2023/11/22 12:46:02 Bid of 10 from client 1
2023/11/22 12:46:16 Bid of 500 from client 2
2023/11/22 12:46:40 Auction is over!
2023/11/22 12:46:42 Auction is over!
2023/11/22 12:46:44 Auction is over!
2023/11/22 14:02:53 started node at port: 5003 
2023/11/22 14:02:58 started node at port: 5001 
2023/11/22 14:03:01 started node at port: 5002 
2023/11/22 14:03:07 start
2023/11/22 14:03:07 Connected to the server at port 5001
2023/11/22 14:03:07 Connected to the server at port 5002
2023/11/22 14:03:09 start
2023/11/22 14:03:09 Connected to the server at port 5000
2023/11/22 14:03:09 Connected to the server at port 5002
2023/11/22 14:03:12 start
2023/11/22 14:03:12 Connected to the server at port 5000
2023/11/22 14:03:12 Connected to the server at port 5001
2023/11/22 14:03:53 Auction is over!
2023/11/22 14:03:58 Auction is over!
2023/11/22 14:04:01 Auction is over!
2023/11/22 14:04:02 die
2023/11/22 14:05:38 started node at port: 5003 
2023/11/22 14:05:41 started node at port: 5001 
2023/11/22 14:05:43 started node at port: 5002 
2023/11/22 14:05:49 start
2023/11/22 14:05:49 Connected to the server at port 5001
2023/11/22 14:05:49 Connected to the server at port 5002
2023/11/22 14:05:53 start
2023/11/22 14:05:53 Connected to the server at port 5000
2023/11/22 14:05:53 Connected to the server at port 5002
2023/11/22 14:05:57 start
2023/11/22 14:05:57 Connected to the server at port 5000
2023/11/22 14:05:57 Connected to the server at port 5001
2023/11/22 14:06:11 die
2023/11/22 14:06:38 Auction is over!
2023/11/22 14:06:41 Auction is over!
2023/11/22 14:06:43 Auction is over!
2023/11/22 14:13:12 started node at port: 5003 
2023/11/22 14:13:15 started node at port: 5001 
2023/11/22 14:13:17 started node at port: 5002 
2023/11/22 14:13:21 start
2023/11/22 14:13:21 Connected to the server at port 5001
2023/11/22 14:13:21 Connected to the server at port 5002
2023/11/22 14:13:24 start
2023/11/22 14:13:24 Connected to the server at port 5000
2023/11/22 14:13:24 Connected to the server at port 5002
2023/11/22 14:13:27 start
2023/11/22 14:13:27 Connected to the server at port 5000
2023/11/22 14:13:27 Connected to the server at port 5001
2023/11/22 14:13:37 die
2023/11/22 14:14:12 Auction is over!
2023/11/22 14:14:15 Auction is over!
2023/11/22 14:14:17 Auction is over!
